#
# There is insufficient memory for the Java Runtime Environment to continue.
# Native memory allocation (malloc) failed to allocate 1048576 bytes for AllocateHeap
# Possible reasons:
#   The system is out of physical RAM or swap space
#   The process is running with CompressedOops enabled, and the Java Heap may be blocking the growth of the native heap
# Possible solutions:
#   Reduce memory load on the system
#   Increase physical memory or swap space
#   Check if swap backing store is full
#   Decrease Java heap size (-Xmx/-Xms)
#   Decrease number of Java threads
#   Decrease Java thread stack sizes (-Xss)
#   Set larger code cache with -XX:ReservedCodeCacheSize=
#   JVM is running with Unscaled Compressed Oops mode in which the Java heap is
#     placed in the first 4GB address space. The Java Heap base address is the
#     maximum limit for the native heap growth. Please use -XX:HeapBaseMinAddress
#     to set the Java Heap base and to place the Java Heap above 4GB virtual address.
# This output file may be truncated or incomplete.
#
#  Out of Memory Error (allocation.cpp:44), pid=15484, tid=19928
#
# JRE version:  (17.0.6+10) (build )
# Java VM: OpenJDK 64-Bit Server VM (17.0.6+10-b829.9, mixed mode, sharing, tiered, compressed oops, compressed class ptrs, g1 gc, windows-amd64)
# No core dump will be written. Minidumps are not enabled by default on client versions of Windows
#

---------------  S U M M A R Y ------------

Command Line: git4idea.http.GitAskPassApp Username for 'https://github.com': 

Host: Intel(R) Core(TM) i5-3210M CPU @ 2.50GHz, 4 cores, 11G,  Windows 10 , 64 bit Build 19041 (10.0.19041.1200)
Time: Tue Oct 31 17:21:37 2023 SE Asia Standard Time elapsed time: 0.035709 seconds (0d 0h 0m 0s)

---------------  T H R E A D  ---------------

Current thread (0x0000025c5e2da2d0):  JavaThread "Unknown thread" [_thread_in_vm, id=19928, stack(0x00000075d0000000,0x00000075d0100000)]

Stack: [0x00000075d0000000,0x00000075d0100000]
Native frames: (J=compiled Java code, j=interpreted, Vv=VM code, C=native code)
V  [jvm.dll+0x683c5a]
V  [jvm.dll+0x842764]
V  [jvm.dll+0x843f5e]
V  [jvm.dll+0x8445c3]
V  [jvm.dll+0x249b75]
V  [jvm.dll+0xa641f]
V  [jvm.dll+0x2db8c4]
V  [jvm.dll+0x81401c]
V  [jvm.dll+0x36e6a1]
V  [jvm.dll+0x7f358c]
V  [jvm.dll+0x3f0e8f]
V  [jvm.dll+0x3f29d1]
C  [jli.dll+0x526b]
C  [ucrtbase.dll+0x21bb2]
C  [KERNEL32.DLL+0x17034]
C  [ntdll.dll+0x52651]


---------------  P R O C E S S  ---------------

Threads class SMR info:
_java_thread_list=0x00007ffc023ec058, length=0, elements={
}

Java Threads: ( => current thread )

Other Threads:

=>0x0000025c5e2da2d0 (exited) JavaThread "Unknown thread" [_thread_in_vm, id=19928, stack(0x00000075d0000000,0x00000075d0100000)]

Threads with active compile tasks:

VM state: not at safepoint (not fully initialized)

VM Mutex/Monitor currently owned by a thread: None

Heap address: 0x0000000000000000, size: 0 MB, Compressed Oops mode: 32-bit

CDS archive(s) mapped at: [0x0000000000000000-0x0000000000000000-0x0000000000000000), size 0, SharedBaseAddress: 0x0000000800000000, ArchiveRelocationMode: 0.
Narrow klass base: 0x0000000000000000, Narrow klass shift: 0, Narrow klass range: 0x0

GC Precious Log:
<Empty>

GC Heap History (0 events):
No events

Dll operation events (1 events):
Event: 0.025 Loaded shared library C:\Program Files\JetBrains\IntelliJ IDEA 2023.1\jbr\bin\java.dll

Deoptimization events (0 events):
No events

Classes unloaded (0 events):
No events

Classes redefined (0 events):
No events

Internal exceptions (0 events):
No events

VM Operations (0 events):
No events

Events (0 events):
No events


Dynamic libraries:
0x00007ff77aa00000 - 0x00007ff77aa0a000 	C:\Program Files\JetBrains\IntelliJ IDEA 2023.1\jbr\bin\java.exe
0x00007ffca0010000 - 0x00007ffca0205000 	C:\WINDOWS\SYSTEM32\ntdll.dll
0x00007ffc9f8b0000 - 0x00007ffc9f96e000 	C:\WINDOWS\System32\KERNEL32.DLL
0x00007ffc9dac0000 - 0x00007ffc9dd89000 	C:\WINDOWS\System32\KERNELBASE.dll
0x00007ffc9dd90000 - 0x00007ffc9de90000 	C:\WINDOWS\System32\ucrtbase.dll
0x00007ffc64060000 - 0x00007ffc64077000 	C:\Program Files\JetBrains\IntelliJ IDEA 2023.1\jbr\bin\jli.dll
0x00007ffc8b7c0000 - 0x00007ffc8b7db000 	C:\Program Files\JetBrains\IntelliJ IDEA 2023.1\jbr\bin\VCRUNTIME140.dll
0x00007ffc9fdc0000 - 0x00007ffc9ff61000 	C:\WINDOWS\System32\USER32.dll
0x00007ffc9e030000 - 0x00007ffc9e052000 	C:\WINDOWS\System32\win32u.dll
0x00007ffc9e060000 - 0x00007ffc9e08b000 	C:\WINDOWS\System32\GDI32.dll
0x00007ffc9d910000 - 0x00007ffc9da1b000 	C:\WINDOWS\System32\gdi32full.dll
0x00007ffc9da20000 - 0x00007ffc9dabd000 	C:\WINDOWS\System32\msvcp_win.dll
0x00007ffc835e0000 - 0x00007ffc8387a000 	C:\WINDOWS\WinSxS\amd64_microsoft.windows.common-controls_6595b64144ccf1df_6.0.19041.1110_none_60b5254171f9507e\COMCTL32.dll
0x00007ffc9fd20000 - 0x00007ffc9fdbe000 	C:\WINDOWS\System32\msvcrt.dll
0x00007ffc9ea10000 - 0x00007ffc9ea40000 	C:\WINDOWS\System32\IMM32.DLL
0x00007ffc99650000 - 0x00007ffc9965c000 	C:\Program Files\JetBrains\IntelliJ IDEA 2023.1\jbr\bin\vcruntime140_1.dll
0x00007ffc65d80000 - 0x00007ffc65e0d000 	C:\Program Files\JetBrains\IntelliJ IDEA 2023.1\jbr\bin\msvcp140.dll
0x00007ffc018b0000 - 0x00007ffc0251e000 	C:\Program Files\JetBrains\IntelliJ IDEA 2023.1\jbr\bin\server\jvm.dll
0x00007ffc9ef30000 - 0x00007ffc9efdc000 	C:\WINDOWS\System32\ADVAPI32.dll
0x00007ffc9fc80000 - 0x00007ffc9fd1b000 	C:\WINDOWS\System32\sechost.dll
0x00007ffc9e8e0000 - 0x00007ffc9ea0a000 	C:\WINDOWS\System32\RPCRT4.dll
0x00007ffc8b640000 - 0x00007ffc8b649000 	C:\WINDOWS\SYSTEM32\WSOCK32.dll
0x00007ffc83560000 - 0x00007ffc83587000 	C:\WINDOWS\SYSTEM32\WINMM.dll
0x00007ffc9ea40000 - 0x00007ffc9eaab000 	C:\WINDOWS\System32\WS2_32.dll
0x00007ffc93eb0000 - 0x00007ffc93eba000 	C:\WINDOWS\SYSTEM32\VERSION.dll
0x00007ffc9bee0000 - 0x00007ffc9bef2000 	C:\WINDOWS\SYSTEM32\kernel.appcore.dll
0x00007ffc7ca20000 - 0x00007ffc7ca2a000 	C:\Program Files\JetBrains\IntelliJ IDEA 2023.1\jbr\bin\jimage.dll
0x00007ffc96430000 - 0x00007ffc96614000 	C:\WINDOWS\SYSTEM32\DBGHELP.DLL
0x00007ffc8b480000 - 0x00007ffc8b4ac000 	C:\WINDOWS\SYSTEM32\dbgcore.DLL
0x00007ffc9dfa0000 - 0x00007ffc9e023000 	C:\WINDOWS\System32\bcryptPrimitives.dll
0x00007ffc7c9f0000 - 0x00007ffc7ca15000 	C:\Program Files\JetBrains\IntelliJ IDEA 2023.1\jbr\bin\java.dll

dbghelp: loaded successfully - version: 4.0.5 - missing functions: none
symbol engine: initialized successfully - sym options: 0x614 - pdb path: .;C:\Program Files\JetBrains\IntelliJ IDEA 2023.1\jbr\bin;C:\WINDOWS\SYSTEM32;C:\WINDOWS\WinSxS\amd64_microsoft.windows.common-controls_6595b64144ccf1df_6.0.19041.1110_none_60b5254171f9507e;C:\Program Files\JetBrains\IntelliJ IDEA 2023.1\jbr\bin\server

VM Arguments:
java_command: git4idea.http.GitAskPassApp Username for 'https://github.com': 
java_class_path (initial): C:/Program Files/JetBrains/IntelliJ IDEA 2023.1/plugins/vcs-git/lib/git4idea-rt.jar;C:/Program Files/JetBrains/IntelliJ IDEA 2023.1/lib/externalProcess-rt.jar
Launcher Type: SUN_STANDARD

[Global flags]
     intx CICompilerCount                          = 3                                         {product} {ergonomic}
     uint ConcGCThreads                            = 1                                         {product} {ergonomic}
     uint G1ConcRefinementThreads                  = 4                                         {product} {ergonomic}
   size_t G1HeapRegionSize                         = 2097152                                   {product} {ergonomic}
    uintx GCDrainStackTargetSize                   = 64                                        {product} {ergonomic}
   size_t InitialHeapSize                          = 201326592                                 {product} {ergonomic}
   size_t MarkStackSize                            = 4194304                                   {product} {ergonomic}
   size_t MaxHeapSize                              = 3189768192                                {product} {ergonomic}
   size_t MinHeapDeltaBytes                        = 2097152                                   {product} {ergonomic}
   size_t MinHeapSize                              = 8388608                                   {product} {ergonomic}
    uintx NonNMethodCodeHeapSize                   = 5832780                                {pd product} {ergonomic}
    uintx NonProfiledCodeHeapSize                  = 122912730                              {pd product} {ergonomic}
    uintx ProfiledCodeHeapSize                     = 122912730                              {pd product} {ergonomic}
    uintx ReservedCodeCacheSize                    = 251658240                              {pd product} {ergonomic}
     bool SegmentedCodeCache                       = true                                      {product} {ergonomic}
   size_t SoftMaxHeapSize                          = 3189768192                             {manageable} {ergonomic}
     bool UseCompressedClassPointers               = true                           {product lp64_product} {ergonomic}
     bool UseCompressedOops                        = true                           {product lp64_product} {ergonomic}
     bool UseG1GC                                  = true                                      {product} {ergonomic}
     bool UseLargePagesIndividualAllocation        = false                                  {pd product} {ergonomic}

Logging:
Log output configuration:
 #0: stdout all=warning uptime,level,tags
 #1: stderr all=off uptime,level,tags

Environment Variables:
PATH=D:/Program Files/Git/mingw64/libexec/git-core;D:/Program Files/Git/mingw64/libexec/git-core;D:\Program Files\Git\mingw64\bin;D:\Program Files\Git\usr\bin;C:\Users\Test\bin;C:\Program Files (x86)\Common Files\Oracle\Java\javapath;C:\Program Files (x86)\Common Files\Intel\Shared Libraries\redist\intel64\compiler;C:\WINDOWS\system32;C:\WINDOWS;C:\WINDOWS\System32\Wbem;C:\WINDOWS\System32\WindowsPowerShell\v1.0\;C:\WINDOWS\System32\OpenSSH\;C:\Program Files (x86)\AMD\ATI.ACE\Core-Static;C:\Program Files\dotnet\;D:\Program Files\Git\cmd;C:\Program Files\Cloudflare\Cloudflare WARP\;F:\Program Files\nodejs\;C:\Program Files\Docker\Docker\resources\bin;C:\Users\Test\.console-ninja\.bin;C:\Users\Test\AppData\Local\Microsoft\WindowsApps;C:\Users\Test\AppData\Local\GitHubDesktop\bin;f:\Users\Test\AppData\Local\Programs\Microsoft VS Code\bin;C:\Users\Test\AppData\Local\Programs\EmEditor;C:\Users\Test\AppData\Roaming\npm
USERNAME=Test
DISPLAY=:0.0
LC_ALL=en_US.UTF-8
TERM=xterm-256color
TMPDIR=C:\Users\Test\AppData\Local\Temp
OS=Windows_NT
PROCESSOR_IDENTIFIER=Intel64 Family 6 Model 58 Stepping 9, GenuineIntel
TMP=C:\Users\Test\AppData\Local\Temp
TEMP=C:\Users\Test\AppData\Local\Temp


JNI global refs:

[error occurred during error reporting (JNI global references), id 0xc0000005, EXCEPTION_ACCESS_VIOLATION (0xc0000005) at pc=0x00007ffc01967a10]


---------------  S Y S T E M  ---------------

OS:
 Windows 10 , 64 bit Build 19041 (10.0.19041.1200)
OS uptime: 0 days 2:24 hours
Hyper-V role detected

CPU: total 4 (initial active 4) (2 cores per cpu, 2 threads per core) family 6 model 58 stepping 9 microcode 0x21, cx8, cmov, fxsr, ht, mmx, sse, sse2, sse3, ssse3, sse4.1, sse4.2, popcnt, tsc, tscinvbit, avx, aes, erms, clmul, vzeroupper, clflush, hv

Memory: 4k page, system-wide physical 12163M (2458M free)
TotalPageFile size 14211M (AvailPageFile size 5M)
current process WorkingSet (physical memory assigned to process): 9M, peak: 9M
current process commit charge ("private bytes"): 12M, peak: 13M

vm_info: OpenJDK 64-Bit Server VM (17.0.6+10-b829.9) for windows-amd64 JRE (17.0.6+10-b829.9), built on 2023-04-09 by "builduser" with MS VC++ 16.10 / 16.11 (VS2019)

END.
