#
# There is insufficient memory for the Java Runtime Environment to continue.
# Native memory allocation (mmap) failed to map 201326592 bytes for G1 virtual space
# Possible reasons:
#   The system is out of physical RAM or swap space
#   The process is running with CompressedOops enabled, and the Java Heap may be blocking the growth of the native heap
# Possible solutions:
#   Reduce memory load on the system
#   Increase physical memory or swap space
#   Check if swap backing store is full
#   Decrease Java heap size (-Xmx/-Xms)
#   Decrease number of Java threads
#   Decrease Java thread stack sizes (-Xss)
#   Set larger code cache with -XX:ReservedCodeCacheSize=
#   JVM is running with Zero Based Compressed Oops mode in which the Java heap is
#     placed in the first 32GB address space. The Java Heap base address is the
#     maximum limit for the native heap growth. Please use -XX:HeapBaseMinAddress
#     to set the Java Heap base and to place the Java Heap above 32GB virtual address.
# This output file may be truncated or incomplete.
#
#  Out of Memory Error (os_windows.cpp:3769), pid=14944, tid=15864
#
# JRE version:  (17.0.6+10) (build )
# Java VM: OpenJDK 64-Bit Server VM (17.0.6+10-b829.9, mixed mode, sharing, tiered, compressed oops, compressed class ptrs, g1 gc, windows-amd64)
# No core dump will be written. Minidumps are not enabled by default on client versions of Windows
#

---------------  S U M M A R Y ------------

Command Line: git4idea.http.GitAskPassApp Username for 'https://github.com': 

Host: Intel(R) Core(TM) i5-3210M CPU @ 2.50GHz, 4 cores, 11G,  Windows 10 , 64 bit Build 19041 (10.0.19041.1200)
Time: Mon Oct 30 09:12:23 2023 SE Asia Standard Time elapsed time: 0.024491 seconds (0d 0h 0m 0s)

---------------  T H R E A D  ---------------

Current thread (0x000001927111dff0):  JavaThread "Unknown thread" [_thread_in_vm, id=15864, stack(0x00000003ee500000,0x00000003ee600000)]

Stack: [0x00000003ee500000,0x00000003ee600000]
Native frames: (J=compiled Java code, j=interpreted, Vv=VM code, C=native code)
V  [jvm.dll+0x683c5a]
V  [jvm.dll+0x842764]
V  [jvm.dll+0x843f5e]
V  [jvm.dll+0x8445c3]
V  [jvm.dll+0x249b75]
V  [jvm.dll+0x680b29]
V  [jvm.dll+0x67501a]
V  [jvm.dll+0x309acb]
V  [jvm.dll+0x310f86]
V  [jvm.dll+0x3608ee]
V  [jvm.dll+0x360b1f]
V  [jvm.dll+0x2dfbf8]
V  [jvm.dll+0x2e0b64]
V  [jvm.dll+0x814051]
V  [jvm.dll+0x36e6a1]
V  [jvm.dll+0x7f358c]
V  [jvm.dll+0x3f0e8f]
V  [jvm.dll+0x3f29d1]
C  [jli.dll+0x526b]
C  [ucrtbase.dll+0x21bb2]
C  [KERNEL32.DLL+0x17034]
C  [ntdll.dll+0x52651]


---------------  P R O C E S S  ---------------

Threads class SMR info:
_java_thread_list=0x00007ffa2c47c058, length=0, elements={
}

Java Threads: ( => current thread )

Other Threads:
  0x00000192732d1370 GCTaskThread "GC Thread#0" [stack: 0x00000003ee600000,0x00000003ee700000] [id=4592]
  0x00000192732de0c0 ConcurrentGCThread "G1 Main Marker" [stack: 0x00000003ee700000,0x00000003ee800000] [id=17656]
  0x00000192732df270 ConcurrentGCThread "G1 Conc#0" [stack: 0x00000003ee800000,0x00000003ee900000] [id=16652]

[error occurred during error reporting (printing all threads), id 0xc0000005, EXCEPTION_ACCESS_VIOLATION (0xc0000005) at pc=0x00007ffa2bc30797]

VM state: not at safepoint (not fully initialized)

VM Mutex/Monitor currently owned by a thread:  ([mutex/lock_event])
[0x000001927111bbb0] Heap_lock - owner thread: 0x000001927111dff0

Heap address: 0x0000000741e00000, size: 3042 MB, Compressed Oops mode: Zero based, Oop shift amount: 3

CDS archive(s) mapped at: [0x0000000000000000-0x0000000000000000-0x0000000000000000), size 0, SharedBaseAddress: 0x0000000800000000, ArchiveRelocationMode: 0.
Narrow klass base: 0x0000000000000000, Narrow klass shift: 0, Narrow klass range: 0x0

GC Precious Log:
<Empty>

Heap:
 garbage-first heap   total 0K, used 0K [0x0000000741e00000, 0x0000000800000000)
  region size 2048K, 0 young (0K), 0 survivors (0K)

[error occurred during error reporting (printing heap information), id 0xc0000005, EXCEPTION_ACCESS_VIOLATION (0xc0000005) at pc=0x00007ffa2c01da49]

GC Heap History (0 events):
No events

Dll operation events (1 events):
Event: 0.016 Loaded shared library C:\Program Files\JetBrains\IntelliJ IDEA 2023.1\jbr\bin\java.dll

Deoptimization events (0 events):
No events

Classes unloaded (0 events):
No events

Classes redefined (0 events):
No events

Internal exceptions (0 events):
No events

VM Operations (0 events):
No events

Events (0 events):
No events


Dynamic libraries:
0x00007ff7ae760000 - 0x00007ff7ae76a000 	C:\Program Files\JetBrains\IntelliJ IDEA 2023.1\jbr\bin\java.exe
0x00007ffa7a830000 - 0x00007ffa7aa25000 	C:\WINDOWS\SYSTEM32\ntdll.dll
0x00007ffa79c60000 - 0x00007ffa79d1e000 	C:\WINDOWS\System32\KERNEL32.DLL
0x00007ffa78060000 - 0x00007ffa78329000 	C:\WINDOWS\System32\KERNELBASE.dll
0x00007ffa78780000 - 0x00007ffa78880000 	C:\WINDOWS\System32\ucrtbase.dll
0x00007ffa52170000 - 0x00007ffa52187000 	C:\Program Files\JetBrains\IntelliJ IDEA 2023.1\jbr\bin\jli.dll
0x00007ffa78880000 - 0x00007ffa78a21000 	C:\WINDOWS\System32\USER32.dll
0x00007ffa78450000 - 0x00007ffa78472000 	C:\WINDOWS\System32\win32u.dll
0x00007ffa79ef0000 - 0x00007ffa79f1b000 	C:\WINDOWS\System32\GDI32.dll
0x00007ffa77f50000 - 0x00007ffa7805b000 	C:\WINDOWS\System32\gdi32full.dll
0x00007ffa3a7a0000 - 0x00007ffa3a7bb000 	C:\Program Files\JetBrains\IntelliJ IDEA 2023.1\jbr\bin\VCRUNTIME140.dll
0x00007ffa78330000 - 0x00007ffa783cd000 	C:\WINDOWS\System32\msvcp_win.dll
0x00007ffa6a4b0000 - 0x00007ffa6a74a000 	C:\WINDOWS\WinSxS\amd64_microsoft.windows.common-controls_6595b64144ccf1df_6.0.19041.1110_none_60b5254171f9507e\COMCTL32.dll
0x00007ffa78f70000 - 0x00007ffa7900e000 	C:\WINDOWS\System32\msvcrt.dll
0x00007ffa78ae0000 - 0x00007ffa78b10000 	C:\WINDOWS\System32\IMM32.DLL
0x00007ffa5f7a0000 - 0x00007ffa5f7ac000 	C:\Program Files\JetBrains\IntelliJ IDEA 2023.1\jbr\bin\vcruntime140_1.dll
0x00007ffa38b40000 - 0x00007ffa38bcd000 	C:\Program Files\JetBrains\IntelliJ IDEA 2023.1\jbr\bin\msvcp140.dll
0x00007ffa2b940000 - 0x00007ffa2c5ae000 	C:\Program Files\JetBrains\IntelliJ IDEA 2023.1\jbr\bin\server\jvm.dll
0x00007ffa79860000 - 0x00007ffa7990c000 	C:\WINDOWS\System32\ADVAPI32.dll
0x00007ffa79d90000 - 0x00007ffa79e2b000 	C:\WINDOWS\System32\sechost.dll
0x00007ffa78e40000 - 0x00007ffa78f6a000 	C:\WINDOWS\System32\RPCRT4.dll
0x00007ffa56f90000 - 0x00007ffa56fb7000 	C:\WINDOWS\SYSTEM32\WINMM.dll
0x00007ffa6e6b0000 - 0x00007ffa6e6ba000 	C:\WINDOWS\SYSTEM32\VERSION.dll
0x00007ffa6d500000 - 0x00007ffa6d509000 	C:\WINDOWS\SYSTEM32\WSOCK32.dll
0x00007ffa79d20000 - 0x00007ffa79d8b000 	C:\WINDOWS\System32\WS2_32.dll
0x00007ffa765b0000 - 0x00007ffa765c2000 	C:\WINDOWS\SYSTEM32\kernel.appcore.dll
0x00007ffa6e1c0000 - 0x00007ffa6e1ca000 	C:\Program Files\JetBrains\IntelliJ IDEA 2023.1\jbr\bin\jimage.dll
0x00007ffa6eda0000 - 0x00007ffa6ef84000 	C:\WINDOWS\SYSTEM32\DBGHELP.DLL
0x00007ffa61bf0000 - 0x00007ffa61c1c000 	C:\WINDOWS\SYSTEM32\dbgcore.DLL
0x00007ffa78480000 - 0x00007ffa78503000 	C:\WINDOWS\System32\bcryptPrimitives.dll
0x00007ffa6cb80000 - 0x00007ffa6cba5000 	C:\Program Files\JetBrains\IntelliJ IDEA 2023.1\jbr\bin\java.dll

dbghelp: loaded successfully - version: 4.0.5 - missing functions: none
symbol engine: initialized successfully - sym options: 0x614 - pdb path: .;C:\Program Files\JetBrains\IntelliJ IDEA 2023.1\jbr\bin;C:\WINDOWS\SYSTEM32;C:\WINDOWS\WinSxS\amd64_microsoft.windows.common-controls_6595b64144ccf1df_6.0.19041.1110_none_60b5254171f9507e;C:\Program Files\JetBrains\IntelliJ IDEA 2023.1\jbr\bin\server

VM Arguments:
java_command: git4idea.http.GitAskPassApp Username for 'https://github.com': 
java_class_path (initial): C:/Program Files/JetBrains/IntelliJ IDEA 2023.1/plugins/vcs-git/lib/git4idea-rt.jar;C:/Program Files/JetBrains/IntelliJ IDEA 2023.1/lib/externalProcess-rt.jar
Launcher Type: SUN_STANDARD

[Global flags]
     intx CICompilerCount                          = 3                                         {product} {ergonomic}
     uint ConcGCThreads                            = 1                                         {product} {ergonomic}
     uint G1ConcRefinementThreads                  = 4                                         {product} {ergonomic}
   size_t G1HeapRegionSize                         = 2097152                                   {product} {ergonomic}
    uintx GCDrainStackTargetSize                   = 64                                        {product} {ergonomic}
   size_t InitialHeapSize                          = 201326592                                 {product} {ergonomic}
   size_t MarkStackSize                            = 4194304                                   {product} {ergonomic}
   size_t MaxHeapSize                              = 3189768192                                {product} {ergonomic}
   size_t MinHeapDeltaBytes                        = 2097152                                   {product} {ergonomic}
   size_t MinHeapSize                              = 8388608                                   {product} {ergonomic}
    uintx NonNMethodCodeHeapSize                   = 5832780                                {pd product} {ergonomic}
    uintx NonProfiledCodeHeapSize                  = 122912730                              {pd product} {ergonomic}
    uintx ProfiledCodeHeapSize                     = 122912730                              {pd product} {ergonomic}
    uintx ReservedCodeCacheSize                    = 251658240                              {pd product} {ergonomic}
     bool SegmentedCodeCache                       = true                                      {product} {ergonomic}
   size_t SoftMaxHeapSize                          = 3189768192                             {manageable} {ergonomic}
     bool UseCompressedClassPointers               = true                           {product lp64_product} {ergonomic}
     bool UseCompressedOops                        = true                           {product lp64_product} {ergonomic}
     bool UseG1GC                                  = true                                      {product} {ergonomic}
     bool UseLargePagesIndividualAllocation        = false                                  {pd product} {ergonomic}

Logging:
Log output configuration:
 #0: stdout all=warning uptime,level,tags
 #1: stderr all=off uptime,level,tags

Environment Variables:
PATH=D:/Program Files/Git/mingw64/libexec/git-core;D:/Program Files/Git/mingw64/libexec/git-core;D:\Program Files\Git\mingw64\bin;D:\Program Files\Git\usr\bin;C:\Users\Test\bin;C:\Program Files (x86)\Common Files\Oracle\Java\javapath;C:\Program Files (x86)\Common Files\Intel\Shared Libraries\redist\intel64\compiler;C:\WINDOWS\system32;C:\WINDOWS;C:\WINDOWS\System32\Wbem;C:\WINDOWS\System32\WindowsPowerShell\v1.0\;C:\WINDOWS\System32\OpenSSH\;C:\Program Files (x86)\AMD\ATI.ACE\Core-Static;C:\Program Files\dotnet\;D:\Program Files\Git\cmd;C:\Program Files\Cloudflare\Cloudflare WARP\;F:\Program Files\nodejs\;C:\Program Files\Docker\Docker\resources\bin;C:\Users\Test\.console-ninja\.bin;C:\Users\Test\AppData\Local\Microsoft\WindowsApps;C:\Users\Test\AppData\Local\GitHubDesktop\bin;f:\Users\Test\AppData\Local\Programs\Microsoft VS Code\bin;C:\Users\Test\AppData\Local\Programs\EmEditor;C:\Users\Test\AppData\Roaming\npm
USERNAME=Test
DISPLAY=:0.0
LC_ALL=en_US.UTF-8
TERM=xterm-256color
TMPDIR=C:\Users\Test\AppData\Local\Temp
OS=Windows_NT
PROCESSOR_IDENTIFIER=Intel64 Family 6 Model 58 Stepping 9, GenuineIntel
TMP=C:\Users\Test\AppData\Local\Temp
TEMP=C:\Users\Test\AppData\Local\Temp


JNI global refs:

[error occurred during error reporting (JNI global references), id 0xc0000005, EXCEPTION_ACCESS_VIOLATION (0xc0000005) at pc=0x00007ffa2b9f7a10]


---------------  S Y S T E M  ---------------

OS:
 Windows 10 , 64 bit Build 19041 (10.0.19041.1200)
OS uptime: 0 days 17:33 hours
Hyper-V role detected

CPU: total 4 (initial active 4) (2 cores per cpu, 2 threads per core) family 6 model 58 stepping 9 microcode 0x21, cx8, cmov, fxsr, ht, mmx, sse, sse2, sse3, ssse3, sse4.1, sse4.2, popcnt, tsc, tscinvbit, avx, aes, erms, clmul, vzeroupper, clflush, hv

Memory: 4k page, system-wide physical 12163M (1109M free)
TotalPageFile size 14211M (AvailPageFile size 101M)
current process WorkingSet (physical memory assigned to process): 10M, peak: 10M
current process commit charge ("private bytes"): 51M, peak: 243M

vm_info: OpenJDK 64-Bit Server VM (17.0.6+10-b829.9) for windows-amd64 JRE (17.0.6+10-b829.9), built on 2023-04-09 by "builduser" with MS VC++ 16.10 / 16.11 (VS2019)

END.
